[2024-03-10 19:29:52,340 - DEBUG : checkwork:64 - checkRunning() ] GetListRunningLab Command to execute is (docker ps)
[2024-03-10 19:29:52,470 - DEBUG : labutils.py:2349 - GetListRunningL() ] 10716f0f1e84   ptit-radare2.radare2.student   "/bin/bash -c 'exec …"   47 seconds ago   Up 46 seconds             ptit-radare2.radare2.student
[2024-03-10 19:29:52,470 - DEBUG : labutils.py:2372 - GetListRunningL() ] appending ptit-radare2
[2024-03-10 19:29:52,470 - DEBUG : checkwork:108 - main() ] Begin logging checkwork for ptit-radare2 lab
[2024-03-10 19:29:52,470 - DEBUG : ParseLabtainerConfig.py:72 - mylogdebug() ] using config file /home/student/labtainer/trunk/config/labtainer.config
[2024-03-10 19:29:52,471 - DEBUG : ParseStartConfig.py:85 - __init__() ] Completed reload from /home/student/labtainer/trunk/labs/ptit-radare2/config/start.config
[2024-03-10 19:29:52,506 - DEBUG : labutils.py:1083 - GetRunningConta() ] result is ptit-radare2.radare2.student
[2024-03-10 19:29:52,507 - DEBUG : labutils.py:2773 - StopLab() ] keep_running is True
[2024-03-10 19:29:52,507 - DEBUG : labutils.py:2774 - StopLab() ] ParseStartConfig for ptit-radare2
[2024-03-10 19:29:52,507 - DEBUG : ParseLabtainerConfig.py:72 - mylogdebug() ] using config file /home/student/labtainer/trunk/config/labtainer.config
[2024-03-10 19:29:52,507 - DEBUG : ParseStartConfig.py:85 - __init__() ] Completed reload from /home/student/labtainer/trunk/labs/ptit-radare2/config/start.config
[2024-03-10 19:29:52,507 - DEBUG : labutils.py:1939 - CreateHostHomeX() ] host_home_xfer directory (/home/student/labtainer_xfer/ptit-radare2)
[2024-03-10 19:29:52,507 - DEBUG : labutils.py:2721 - DoStop() ] DoStop Multiple Containers and/or multi-home networking, keep_running is True
[2024-03-10 19:29:52,508 - DEBUG : labutils.py:2124 - PreStop() ] About to call prestop
[2024-03-10 19:29:52,508 - DEBUG : labutils.py:2625 - SynchStop() ] prestop started on all
[2024-03-10 19:29:52,622 - DEBUG : labutils.py:939 - DockerCmd() ] Failed cmd docker exec ptit-radare2.radare2.student bash -c 'ls -l $HOME/.local/bin/prestop' ls: cannot access '/home/ubuntu/.local/bin/prestop': No such file or directory

[2024-03-10 19:29:52,622 - DEBUG : labutils.py:2628 - SynchStop() ] joined radare2
[2024-03-10 19:29:52,623 - DEBUG : labutils.py:2740 - DoStop() ] stopped all
[2024-03-10 19:29:52,688 - DEBUG : labutils.py:280 - IsContainerCrea() ] Result of subprocess.call for ptit-radare2.radare2.student IsContainerCreated is 0 (1=>FAILURE)
[2024-03-10 19:29:52,688 - DEBUG : labutils.py:2548 - DoStopOne() ] AllContainersCreated for radare2 result (True)
[2024-03-10 19:29:52,848 - DEBUG : labutils.py:2199 - CopyAbsToResult() ] error from docker: cp: cannot stat '/root/.bash_history': No such file or directory
[2024-03-10 19:29:52,848 - DEBUG : labutils.py:2200 - CopyAbsToResult() ] command was docker exec ptit-radare2.radare2.student sudo  cp --parents /root/.bash_history /home/ubuntu/.local/result
[2024-03-10 19:29:52,964 - DEBUG : labutils.py:2219 - CreateCopyChown() ] in CreateCopyChownZip
[2024-03-10 19:29:53,744 - DEBUG : labutils.py:2583 - DoStopOne() ] baseZipFilename is (AT1008.ptit-radare2)
[2024-03-10 19:29:53,916 - DEBUG : labutils.py:2743 - DoStop() ] joined radare2
[2024-03-10 19:29:53,916 - DEBUG : labutils.py:2653 - GatherZips() ] Zipping docs directory to /home/student/labtainer_xfer/ptit-radare2/docs.zip
[2024-03-10 19:29:53,916 - DEBUG : labutils.py:2658 - GatherZips() ] ['/home/student/labtainer/trunk/labs/ptit-radare2/docs/read_first.txt']
[2024-03-10 19:29:53,917 - DEBUG : labutils.py:2676 - GatherZips() ] zip_file_list is 
[2024-03-10 19:29:53,917 - DEBUG : labutils.py:2677 - GatherZips() ] ['/home/student/labtainer_xfer/ptit-radare2/AT1008.ptit-radare2=ptit-radare2.radare2.student.zip', '/home/student/labtainer_xfer/ptit-radare2/docs.zip']
[2024-03-10 19:29:53,917 - DEBUG : labutils.py:2678 - GatherZips() ] baseZipFilename is (AT1008.ptit-radare2)
[2024-03-10 19:29:53,917 - DEBUG : labutils.py:2683 - GatherZips() ] The combined zip filename is /home/student/labtainer_xfer/ptit-radare2/AT1008.ptit-radare2.lab
[2024-03-10 19:29:53,922 - DEBUG : checkwork:137 - main() ] Lab stopped, now doGrade for lab ptit-radare2
[2024-03-10 19:29:53,960 - DEBUG : gradelab:383 - doGrade() ] doGrade for ptit-radare2-igrader
[2024-03-10 19:29:53,992 - DEBUG : labutils.py:939 - DockerCmd() ] Failed cmd docker rm ptit-radare2-igrader Error: No such container: ptit-radare2-igrader

[2024-03-10 19:29:55,028 - DEBUG : labutils.py:939 - DockerCmd() ] Failed cmd docker rm ptit-radare2-igrader Error: No such container: ptit-radare2-igrader

[2024-03-10 19:29:55,028 - DEBUG : ParseLabtainerConfig.py:72 - mylogdebug() ] using config file /home/student/labtainer/trunk/config/labtainer.config
[2024-03-10 19:29:55,029 - DEBUG : ParseStartConfig.py:85 - __init__() ] Completed reload from /home/student/labtainer/trunk/labs/ptit-radare2/config/start.config
[2024-03-10 19:29:55,256 - DEBUG : InspectRemoteReg.py:41 - inspectRemote() ] inspectRemote image labtainers/labtainer.grader no_pull: False
[2024-03-10 19:30:51,560 - DEBUG : ParseLabtainerConfig.py:72 - mylogdebug() ] using config file ../../config/labtainer.config
[2024-03-10 19:30:51,603 - DEBUG : labutils.py:280 - IsContainerCrea() ] Result of subprocess.call for ptit-radare2-igrader IsContainerCreated is 1 (1=>FAILURE)
[2024-03-10 19:30:51,660 - DEBUG : gradelab:417 - doGrade() ] Command to execute was (docker create -t --name=ptit-radare2-igrader --add-host my_host:172.17.0.1 --hostname=ptit-radare2-igrader -p 8008:8008 -v /home/student/labtainer/trunk/docs:/home/instructor/.local/flask/static/docs -v /home/student/labtainer/trunk/labs/ptit-radare2/docs:/home/instructor/.local/flask/static/lab_doc --env="DISPLAY" --volume="/tmp/.X11-unix:/tmp/.X11-unix:rw" labtainers/labtainer.grader)
[2024-03-10 19:30:52,873 - DEBUG : labutils.py:250 - DoCmd() ] ptit-radare2-igrader

[2024-03-10 19:30:52,889 - DEBUG : gradelab:428 - doGrade() ] do CopyStudentArtifacts for ptit-radare2-igrader, labname: ptit-radare2 
[2024-03-10 19:31:47,128 - DEBUG : checkwork:64 - checkRunning() ] GetListRunningLab Command to execute is (docker ps)
[2024-03-10 19:31:47,247 - DEBUG : labutils.py:2349 - GetListRunningL() ] 10716f0f1e84   ptit-radare2.radare2.student   "/bin/bash -c 'exec …"   2 minutes ago   Up 2 minutes             ptit-radare2.radare2.student
[2024-03-10 19:31:47,248 - DEBUG : labutils.py:2372 - GetListRunningL() ] appending ptit-radare2
[2024-03-10 19:31:47,249 - DEBUG : checkwork:108 - main() ] Begin logging checkwork for ptit-radare2 lab
[2024-03-10 19:31:47,249 - DEBUG : ParseLabtainerConfig.py:72 - mylogdebug() ] using config file /home/student/labtainer/trunk/config/labtainer.config
[2024-03-10 19:31:47,250 - DEBUG : ParseStartConfig.py:85 - __init__() ] Completed reload from /home/student/labtainer/trunk/labs/ptit-radare2/config/start.config
[2024-03-10 19:31:47,306 - DEBUG : labutils.py:1083 - GetRunningConta() ] result is ptit-radare2.radare2.student
[2024-03-10 19:31:47,307 - DEBUG : labutils.py:2773 - StopLab() ] keep_running is True
[2024-03-10 19:31:47,307 - DEBUG : labutils.py:2774 - StopLab() ] ParseStartConfig for ptit-radare2
[2024-03-10 19:31:47,307 - DEBUG : ParseLabtainerConfig.py:72 - mylogdebug() ] using config file /home/student/labtainer/trunk/config/labtainer.config
[2024-03-10 19:31:47,308 - DEBUG : ParseStartConfig.py:85 - __init__() ] Completed reload from /home/student/labtainer/trunk/labs/ptit-radare2/config/start.config
[2024-03-10 19:31:47,308 - DEBUG : labutils.py:1939 - CreateHostHomeX() ] host_home_xfer directory (/home/student/labtainer_xfer/ptit-radare2)
[2024-03-10 19:31:47,308 - DEBUG : labutils.py:2721 - DoStop() ] DoStop Multiple Containers and/or multi-home networking, keep_running is True
[2024-03-10 19:31:47,311 - DEBUG : labutils.py:2124 - PreStop() ] About to call prestop
[2024-03-10 19:31:47,312 - DEBUG : labutils.py:2625 - SynchStop() ] prestop started on all
[2024-03-10 19:31:47,461 - DEBUG : labutils.py:939 - DockerCmd() ] Failed cmd docker exec ptit-radare2.radare2.student bash -c 'ls -l $HOME/.local/bin/prestop' ls: cannot access '/home/ubuntu/.local/bin/prestop': No such file or directory

[2024-03-10 19:31:47,462 - DEBUG : labutils.py:2628 - SynchStop() ] joined radare2
[2024-03-10 19:31:47,463 - DEBUG : labutils.py:2740 - DoStop() ] stopped all
[2024-03-10 19:31:47,523 - DEBUG : labutils.py:280 - IsContainerCrea() ] Result of subprocess.call for ptit-radare2.radare2.student IsContainerCreated is 0 (1=>FAILURE)
[2024-03-10 19:31:47,523 - DEBUG : labutils.py:2548 - DoStopOne() ] AllContainersCreated for radare2 result (True)
[2024-03-10 19:31:47,745 - DEBUG : labutils.py:2199 - CopyAbsToResult() ] error from docker: cp: cannot stat '/root/.bash_history': No such file or directory
[2024-03-10 19:31:47,745 - DEBUG : labutils.py:2200 - CopyAbsToResult() ] command was docker exec ptit-radare2.radare2.student sudo  cp --parents /root/.bash_history /home/ubuntu/.local/result
[2024-03-10 19:31:47,870 - DEBUG : labutils.py:2219 - CreateCopyChown() ] in CreateCopyChownZip
[2024-03-10 19:31:48,699 - DEBUG : labutils.py:2583 - DoStopOne() ] baseZipFilename is (AT1008.ptit-radare2)
[2024-03-10 19:31:48,803 - DEBUG : labutils.py:2743 - DoStop() ] joined radare2
[2024-03-10 19:31:48,803 - DEBUG : labutils.py:2653 - GatherZips() ] Zipping docs directory to /home/student/labtainer_xfer/ptit-radare2/docs.zip
[2024-03-10 19:31:48,805 - DEBUG : labutils.py:2658 - GatherZips() ] ['/home/student/labtainer/trunk/labs/ptit-radare2/docs/read_first.txt']
[2024-03-10 19:31:48,806 - DEBUG : labutils.py:2676 - GatherZips() ] zip_file_list is 
[2024-03-10 19:31:48,806 - DEBUG : labutils.py:2677 - GatherZips() ] ['/home/student/labtainer_xfer/ptit-radare2/AT1008.ptit-radare2=ptit-radare2.radare2.student.zip', '/home/student/labtainer_xfer/ptit-radare2/docs.zip']
[2024-03-10 19:31:48,806 - DEBUG : labutils.py:2678 - GatherZips() ] baseZipFilename is (AT1008.ptit-radare2)
[2024-03-10 19:31:48,806 - DEBUG : labutils.py:2683 - GatherZips() ] The combined zip filename is /home/student/labtainer_xfer/ptit-radare2/AT1008.ptit-radare2.lab
[2024-03-10 19:31:48,811 - DEBUG : checkwork:137 - main() ] Lab stopped, now doGrade for lab ptit-radare2
[2024-03-10 19:31:48,868 - DEBUG : gradelab:383 - doGrade() ] doGrade for ptit-radare2-igrader
[2024-03-10 19:31:48,947 - DEBUG : ParseLabtainerConfig.py:72 - mylogdebug() ] using config file /home/student/labtainer/trunk/config/labtainer.config
[2024-03-10 19:31:48,948 - DEBUG : ParseStartConfig.py:85 - __init__() ] Completed reload from /home/student/labtainer/trunk/labs/ptit-radare2/config/start.config
[2024-03-10 19:31:49,195 - DEBUG : ParseLabtainerConfig.py:72 - mylogdebug() ] using config file ../../config/labtainer.config
[2024-03-10 19:31:49,236 - DEBUG : labutils.py:280 - IsContainerCrea() ] Result of subprocess.call for ptit-radare2-igrader IsContainerCreated is 1 (1=>FAILURE)
[2024-03-10 19:31:49,287 - DEBUG : gradelab:417 - doGrade() ] Command to execute was (docker create -t --name=ptit-radare2-igrader --add-host my_host:172.17.0.1 --hostname=ptit-radare2-igrader -p 8008:8008 -v /home/student/labtainer/trunk/docs:/home/instructor/.local/flask/static/docs -v /home/student/labtainer/trunk/labs/ptit-radare2/docs:/home/instructor/.local/flask/static/lab_doc --env="DISPLAY" --volume="/tmp/.X11-unix:/tmp/.X11-unix:rw" labtainers/labtainer.grader)
[2024-03-10 19:31:49,988 - DEBUG : labutils.py:250 - DoCmd() ] ptit-radare2-igrader

[2024-03-10 19:31:49,989 - DEBUG : gradelab:428 - doGrade() ] do CopyStudentArtifacts for ptit-radare2-igrader, labname: ptit-radare2 
