[2024-03-10 19:44:56,296 - DEBUG : publish.py:170 - main() ] Start publish log
[2024-03-10 19:44:56,298 - DEBUG : ParseLabtainerConfig.py:72 - mylogdebug() ] using config file ../config/labtainer.config
[2024-03-10 19:44:56,298 - DEBUG : publish.py:216 - main() ] Doing just one lab ptit-radare2 labsdir /home/student/labtainer/trunk/labs
[2024-03-10 19:44:56,298 - DEBUG : publish.py:138 - DoLab() ] DoLab for ptit-radare2
[2024-03-10 19:44:56,663 - DEBUG : ParseLabtainerConfig.py:72 - mylogdebug() ] using config file /home/student/labtainer/trunk/config/labtainer.config
[2024-03-10 19:44:56,665 - DEBUG : ParseStartConfig.py:85 - __init__() ] Completed reload from /home/student/labtainer/trunk/labs/ptit-radare2/config/start.config
[2024-03-10 19:44:56,665 - DEBUG : rebuild.py:546 - DoRebuildLab() ] this container name radare2 just_container None
[2024-03-10 19:44:56,693 - DEBUG : rebuild.py:572 - DoRebuildLab() ] non-fatal Error from command docker rm ptit-radare2.radare2.student was  'Error: No such container: ptit-radare2.radare2.student
'
[2024-03-10 19:44:56,693 - DEBUG : rebuild.py:581 - DoRebuildLab() ] force_this_build: False no_pull True
[2024-03-10 19:44:56,857 - DEBUG : InspectRemoteReg.py:41 - inspectRemote() ] inspectRemote image labtainers/ptit-radare2.radare2.student no_pull: True
[2024-03-10 19:44:58,973 - DEBUG : labutils.py:1183 - imageInfo() ] ptit-radare2.radare2.student not found local_build was False
[2024-03-10 19:44:58,973 - DEBUG : rebuild.py:588 - DoRebuildLab() ] Image ptit-radare2.radare2.student exists nowhere, so force the build
[2024-03-10 19:44:58,974 - DEBUG : rebuild.py:324 - removeStrays() ] Stray gz /home/student/labtainer/trunk/labs/ptit-radare2/radare2/sys_ptit-radare2.radare2.student.tar.gz will be deleted
[2024-03-10 19:44:58,974 - DEBUG : rebuild.py:324 - removeStrays() ] Stray gz /home/student/labtainer/trunk/labs/ptit-radare2/radare2/ptit-radare2.radare2.student.tar.gz will be deleted
[2024-03-10 19:44:58,975 - DEBUG : CheckTars.py:121 - CheckTars() ] container_dir is /home/student/labtainer/trunk/labs/ptit-radare2/radare2
[2024-03-10 19:44:58,975 - DEBUG : CheckTars.py:133 - CheckTars() ] check for home.tar
[2024-03-10 19:44:58,976 - DEBUG : CheckTars.py:170 - CheckTars() ] newest is ./home.tar
[2024-03-10 19:44:58,976 - DEBUG : CheckTars.py:209 - CheckTars() ] remove tree at /tmp/tmpccbpym8b
[2024-03-10 19:44:58,976 - DEBUG : CheckTars.py:133 - CheckTars() ] check for sys.tar
[2024-03-10 19:44:58,976 - DEBUG : CheckTars.py:170 - CheckTars() ] newest is ./sys.tar
[2024-03-10 19:44:58,976 - DEBUG : CheckTars.py:209 - CheckTars() ] remove tree at /tmp/tmpccbpym8b
[2024-03-10 19:44:58,976 - DEBUG : rebuild.py:619 - DoRebuildLab() ] Will rebuild ptit-radare2.radare2.student,  force_this_build: True  apt_source archive.ubuntu.com
[2024-03-10 19:44:58,977 - DEBUG : rebuild.py:650 - DoRebuildLab() ] cmd is bin/buildImage.sh ptit-radare2 radare2 ubuntu ubuntu True /home/student/labtainer/trunk/labs archive.ubuntu.com labtainers 3 False False
[2024-03-10 19:52:55,772 - DEBUG : rebuild.py:653 - DoRebuildLab() ] build_image back from communicate
[2024-03-10 19:52:55,772 - DEBUG : rebuild.py:501 - CheckBuildError() ] CheckBuildError 
[2024-03-10 19:52:55,773 - DEBUG : rebuild.py:505 - CheckBuildError() ] CheckBuildError x line Labname is ptit-radare2 with image name radare2
[2024-03-10 19:52:55,773 - DEBUG : rebuild.py:509 - CheckBuildError() ] CheckBuildError line Labname is ptit-radare2 with image name radare2
[2024-03-10 19:52:55,773 - DEBUG : rebuild.py:525 - CheckBuildError() ] Labname is ptit-radare2 with image name radare2
[2024-03-10 19:52:55,773 - DEBUG : rebuild.py:505 - CheckBuildError() ] CheckBuildError x line Please wait while the lab is built
[2024-03-10 19:52:55,773 - DEBUG : rebuild.py:509 - CheckBuildError() ] CheckBuildError line Please wait while the lab is built
[2024-03-10 19:52:55,773 - DEBUG : rebuild.py:525 - CheckBuildError() ] Please wait while the lab is built
[2024-03-10 19:52:55,773 - DEBUG : rebuild.py:505 - CheckBuildError() ] CheckBuildError x line ORIG_PWD is: /home/student/labtainer/trunk/scripts/labtainer-student
[2024-03-10 19:52:55,773 - DEBUG : rebuild.py:509 - CheckBuildError() ] CheckBuildError line ORIG_PWD is: /home/student/labtainer/trunk/scripts/labtainer-student
[2024-03-10 19:52:55,773 - DEBUG : rebuild.py:525 - CheckBuildError() ] ORIG_PWD is: /home/student/labtainer/trunk/scripts/labtainer-student
[2024-03-10 19:52:55,773 - DEBUG : rebuild.py:505 - CheckBuildError() ] CheckBuildError x line ./
[2024-03-10 19:52:55,773 - DEBUG : rebuild.py:509 - CheckBuildError() ] CheckBuildError line ./
[2024-03-10 19:52:55,773 - DEBUG : rebuild.py:525 - CheckBuildError() ] ./
[2024-03-10 19:52:55,773 - DEBUG : rebuild.py:505 - CheckBuildError() ] CheckBuildError x line ./sample.c
[2024-03-10 19:52:55,773 - DEBUG : rebuild.py:509 - CheckBuildError() ] CheckBuildError line ./sample.c
[2024-03-10 19:52:55,773 - DEBUG : rebuild.py:525 - CheckBuildError() ] ./sample.c
[2024-03-10 19:52:55,773 - DEBUG : rebuild.py:505 - CheckBuildError() ] CheckBuildError x line ./.local/
[2024-03-10 19:52:55,773 - DEBUG : rebuild.py:509 - CheckBuildError() ] CheckBuildError line ./.local/
[2024-03-10 19:52:55,773 - DEBUG : rebuild.py:525 - CheckBuildError() ] ./.local/
[2024-03-10 19:52:55,773 - DEBUG : rebuild.py:505 - CheckBuildError() ] CheckBuildError x line ./.local/config/
[2024-03-10 19:52:55,773 - DEBUG : rebuild.py:509 - CheckBuildError() ] CheckBuildError line ./.local/config/
[2024-03-10 19:52:55,773 - DEBUG : rebuild.py:525 - CheckBuildError() ] ./.local/config/
[2024-03-10 19:52:55,773 - DEBUG : rebuild.py:505 - CheckBuildError() ] CheckBuildError x line ./.local/config/start.config
[2024-03-10 19:52:55,773 - DEBUG : rebuild.py:509 - CheckBuildError() ] CheckBuildError line ./.local/config/start.config
[2024-03-10 19:52:55,774 - DEBUG : rebuild.py:525 - CheckBuildError() ] ./.local/config/start.config
[2024-03-10 19:52:55,774 - DEBUG : rebuild.py:505 - CheckBuildError() ] CheckBuildError x line ./.local/config/parameter.config
[2024-03-10 19:52:55,774 - DEBUG : rebuild.py:509 - CheckBuildError() ] CheckBuildError line ./.local/config/parameter.config
[2024-03-10 19:52:55,774 - DEBUG : rebuild.py:525 - CheckBuildError() ] ./.local/config/parameter.config
[2024-03-10 19:52:55,774 - DEBUG : rebuild.py:505 - CheckBuildError() ] CheckBuildError x line ./.local/config/radare2-home_tar.list
[2024-03-10 19:52:55,774 - DEBUG : rebuild.py:509 - CheckBuildError() ] CheckBuildError line ./.local/config/radare2-home_tar.list
[2024-03-10 19:52:55,774 - DEBUG : rebuild.py:525 - CheckBuildError() ] ./.local/config/radare2-home_tar.list
[2024-03-10 19:52:55,774 - DEBUG : rebuild.py:505 - CheckBuildError() ] CheckBuildError x line ./.local/result/
[2024-03-10 19:52:55,774 - DEBUG : rebuild.py:509 - CheckBuildError() ] CheckBuildError line ./.local/result/
[2024-03-10 19:52:55,774 - DEBUG : rebuild.py:525 - CheckBuildError() ] ./.local/result/
[2024-03-10 19:52:55,774 - DEBUG : rebuild.py:505 - CheckBuildError() ] CheckBuildError x line ./.local/sys_manifest.list
[2024-03-10 19:52:55,774 - DEBUG : rebuild.py:509 - CheckBuildError() ] CheckBuildError line ./.local/sys_manifest.list
[2024-03-10 19:52:55,774 - DEBUG : rebuild.py:525 - CheckBuildError() ] ./.local/sys_manifest.list
[2024-03-10 19:52:55,774 - DEBUG : rebuild.py:505 - CheckBuildError() ] CheckBuildError x line ./.local/bin/
[2024-03-10 19:52:55,774 - DEBUG : rebuild.py:509 - CheckBuildError() ] CheckBuildError line ./.local/bin/
[2024-03-10 19:52:55,774 - DEBUG : rebuild.py:525 - CheckBuildError() ] ./.local/bin/
[2024-03-10 19:52:55,774 - DEBUG : rebuild.py:505 - CheckBuildError() ] CheckBuildError x line ./.local/bin/treataslocal
[2024-03-10 19:52:55,774 - DEBUG : rebuild.py:509 - CheckBuildError() ] CheckBuildError line ./.local/bin/treataslocal
[2024-03-10 19:52:55,774 - DEBUG : rebuild.py:525 - CheckBuildError() ] ./.local/bin/treataslocal
[2024-03-10 19:52:55,774 - DEBUG : rebuild.py:505 - CheckBuildError() ] CheckBuildError x line ./.local/bin/fixlocal.sh
[2024-03-10 19:52:55,774 - DEBUG : rebuild.py:509 - CheckBuildError() ] CheckBuildError line ./.local/bin/fixlocal.sh
[2024-03-10 19:52:55,774 - DEBUG : rebuild.py:525 - CheckBuildError() ] ./.local/bin/fixlocal.sh
[2024-03-10 19:52:55,774 - DEBUG : rebuild.py:505 - CheckBuildError() ] CheckBuildError x line docker build --no-cache --build-arg lab=ptit-radare2.radare2.student --build-arg labdir=. --build-arg imagedir=. --build-arg user_name=ubuntu --build-arg password=ubuntu --build-arg apt_source=archive.ubuntu.com --build-arg https_proxy= --build-arg http_proxy= --build-arg HTTP_PROXY= --build-arg HTTPS_PROXY= --build-arg NO_PROXY= --build-arg no_proxy= --build-arg registry=labtainers --build-arg version=3 --pull -f Dockerfile.ptit-radare2.radare2.student -t ptit-radare2.radare2.student .
[2024-03-10 19:52:55,774 - DEBUG : rebuild.py:509 - CheckBuildError() ] CheckBuildError line docker build --no-cache --build-arg lab=ptit-radare2.radare2.student --build-arg labdir=. --build-arg imagedir=. --build-arg user_name=ubuntu --build-arg password=ubuntu --build-arg apt_source=archive.ubuntu.com --build-arg https_proxy= --build-arg http_proxy= --build-arg HTTP_PROXY= --build-arg HTTPS_PROXY= --build-arg NO_PROXY= --build-arg no_proxy= --build-arg registry=labtainers --build-arg version=3 --pull -f Dockerfile.ptit-radare2.radare2.student -t ptit-radare2.radare2.student .
[2024-03-10 19:52:55,774 - DEBUG : rebuild.py:525 - CheckBuildError() ] docker build --no-cache --build-arg lab=ptit-radare2.radare2.student --build-arg labdir=. --build-arg imagedir=. --build-arg user_name=ubuntu --build-arg password=ubuntu --build-arg apt_source=archive.ubuntu.com --build-arg https_proxy= --build-arg http_proxy= --build-arg HTTP_PROXY= --build-arg HTTPS_PROXY= --build-arg NO_PROXY= --build-arg no_proxy= --build-arg registry=labtainers --build-arg version=3 --pull -f Dockerfile.ptit-radare2.radare2.student -t ptit-radare2.radare2.student .
[2024-03-10 19:52:55,774 - DEBUG : rebuild.py:505 - CheckBuildError() ] CheckBuildError x line Sun Mar 10 19:44:59 PDT 2024
[2024-03-10 19:52:55,774 - DEBUG : rebuild.py:509 - CheckBuildError() ] CheckBuildError line Sun Mar 10 19:44:59 PDT 2024
[2024-03-10 19:52:55,774 - DEBUG : rebuild.py:525 - CheckBuildError() ] Sun Mar 10 19:44:59 PDT 2024
[2024-03-10 19:52:55,774 - DEBUG : rebuild.py:505 - CheckBuildError() ] CheckBuildError x line Sending build context to Docker daemon  52.74kB
[2024-03-10 19:52:55,774 - DEBUG : rebuild.py:509 - CheckBuildError() ] CheckBuildError line Sending build context to Docker daemon  52.74kB
[2024-03-10 19:52:55,774 - DEBUG : rebuild.py:525 - CheckBuildError() ] Sending build context to Docker daemon  52.74kB
[2024-03-10 19:52:55,774 - DEBUG : rebuild.py:505 - CheckBuildError() ] CheckBuildError x line 
[2024-03-10 19:52:55,774 - DEBUG : rebuild.py:657 - DoRebuildLab() ] not fatal, do stderr
[2024-03-10 19:52:55,774 - DEBUG : rebuild.py:501 - CheckBuildError() ] CheckBuildError 
[2024-03-10 19:52:55,774 - DEBUG : rebuild.py:664 - DoRebuildLab() ] done checkerror fatal False
[2024-03-10 19:52:55,775 - DEBUG : publish.py:150 - DoLab() ] Back from rebuild with registry of labtainers
[2024-03-10 19:53:57,225 - DEBUG : publish.py:97 - pushImage() ] Did relabel of ptit-radare2.radare2.student using base_id 739eee77f8d3
