This is pdfTeX, Version 3.14159265-2.6-1.40.18 (TeX Live 2017/Debian) (preloaded format=pdflatex 2019.12.2)  17 JAN 2020 15:46
entering extended mode
 restricted \write18 enabled.
 %&-line parsing enabled.
**labtainer-student
(./labtainer-student.tex
LaTeX2e <2017-04-15>
Babel <3.18> and hyphenation patterns for 84 language(s) loaded.
(/usr/share/texlive/texmf-dist/tex/latex/base/article.cls
Document Class: article 2014/09/29 v1.4h Standard LaTeX document class
(/usr/share/texlive/texmf-dist/tex/latex/base/size12.clo
File: size12.clo 2014/09/29 v1.4h Standard LaTeX file (size option)
)
\c@part=\count79
\c@section=\count80
\c@subsection=\count81
\c@subsubsection=\count82
\c@paragraph=\count83
\c@subparagraph=\count84
\c@figure=\count85
\c@table=\count86
\abovecaptionskip=\skip41
\belowcaptionskip=\skip42
\bibindent=\dimen102
)
(/usr/share/texlive/texmf-dist/tex/latex/geometry/geometry.sty
Package: geometry 2010/09/12 v5.6 Page Geometry

(/usr/share/texlive/texmf-dist/tex/latex/graphics/keyval.sty
Package: keyval 2014/10/28 v1.15 key=value parser (DPC)
\KV@toks@=\toks14
)
(/usr/share/texlive/texmf-dist/tex/generic/oberdiek/ifpdf.sty
Package: ifpdf 2017/03/15 v3.2 Provides the ifpdf switch
)
(/usr/share/texlive/texmf-dist/tex/generic/oberdiek/ifvtex.sty
Package: ifvtex 2016/05/16 v1.6 Detect VTeX and its facilities (HO)
Package ifvtex Info: VTeX not detected.
)
(/usr/share/texlive/texmf-dist/tex/generic/ifxetex/ifxetex.sty
Package: ifxetex 2010/09/12 v0.6 Provides ifxetex conditional
)
\Gm@cnth=\count87
\Gm@cntv=\count88
\c@Gm@tempcnt=\count89
\Gm@bindingoffset=\dimen103
\Gm@wd@mp=\dimen104
\Gm@odd@mp=\dimen105
\Gm@even@mp=\dimen106
\Gm@layoutwidth=\dimen107
\Gm@layoutheight=\dimen108
\Gm@layouthoffset=\dimen109
\Gm@layoutvoffset=\dimen110
\Gm@dimlist=\toks15
)
(/usr/share/texlive/texmf-dist/tex/latex/hyperref/hyperref.sty
Package: hyperref 2018/02/06 v6.86b Hypertext links for LaTeX

(/usr/share/texlive/texmf-dist/tex/generic/oberdiek/hobsub-hyperref.sty
Package: hobsub-hyperref 2016/05/16 v1.14 Bundle oberdiek, subset hyperref (HO)


(/usr/share/texlive/texmf-dist/tex/generic/oberdiek/hobsub-generic.sty
Package: hobsub-generic 2016/05/16 v1.14 Bundle oberdiek, subset generic (HO)
Package: hobsub 2016/05/16 v1.14 Construct package bundles (HO)
Package: infwarerr 2016/05/16 v1.4 Providing info/warning/error messages (HO)
Package: ltxcmds 2016/05/16 v1.23 LaTeX kernel commands for general use (HO)
Package: ifluatex 2016/05/16 v1.4 Provides the ifluatex switch (HO)
Package ifluatex Info: LuaTeX not detected.
Package hobsub Info: Skipping package `ifvtex' (already loaded).
Package: intcalc 2016/05/16 v1.2 Expandable calculations with integers (HO)
Package hobsub Info: Skipping package `ifpdf' (already loaded).
Package: etexcmds 2016/05/16 v1.6 Avoid name clashes with e-TeX commands (HO)
Package etexcmds Info: Could not find \expanded.
(etexcmds)             That can mean that you are not using pdfTeX 1.50 or
(etexcmds)             that some package has redefined \expanded.
(etexcmds)             In the latter case, load this package earlier.
Package: kvsetkeys 2016/05/16 v1.17 Key value parser (HO)
Package: kvdefinekeys 2016/05/16 v1.4 Define keys (HO)
Package: pdftexcmds 2018/01/21 v0.26 Utility functions of pdfTeX for LuaTeX (HO
)
Package pdftexcmds Info: LuaTeX not detected.
Package pdftexcmds Info: \pdf@primitive is available.
Package pdftexcmds Info: \pdf@ifprimitive is available.
Package pdftexcmds Info: \pdfdraftmode found.
Package: pdfescape 2016/05/16 v1.14 Implements pdfTeX's escape features (HO)
Package: bigintcalc 2016/05/16 v1.4 Expandable calculations on big integers (HO
)
Package: bitset 2016/05/16 v1.2 Handle bit-vector datatype (HO)
Package: uniquecounter 2016/05/16 v1.3 Provide unlimited unique counter (HO)
)
Package hobsub Info: Skipping package `hobsub' (already loaded).
Package: letltxmacro 2016/05/16 v1.5 Let assignment for LaTeX macros (HO)
Package: hopatch 2016/05/16 v1.3 Wrapper for package hooks (HO)
Package: xcolor-patch 2016/05/16 xcolor patch
Package: atveryend 2016/05/16 v1.9 Hooks at the very end of document (HO)
Package atveryend Info: \enddocument detected (standard20110627).
Package: atbegshi 2016/06/09 v1.18 At begin shipout hook (HO)
Package: refcount 2016/05/16 v3.5 Data extraction from label references (HO)
Package: hycolor 2016/05/16 v1.8 Color options for hyperref/bookmark (HO)
)
(/usr/share/texlive/texmf-dist/tex/latex/oberdiek/auxhook.sty
Package: auxhook 2016/05/16 v1.4 Hooks for auxiliary files (HO)
)
(/usr/share/texlive/texmf-dist/tex/latex/oberdiek/kvoptions.sty
Package: kvoptions 2016/05/16 v3.12 Key value format for package options (HO)
)
\@linkdim=\dimen111
\Hy@linkcounter=\count90
\Hy@pagecounter=\count91

(/usr/share/texlive/texmf-dist/tex/latex/hyperref/pd1enc.def
File: pd1enc.def 2018/02/06 v6.86b Hyperref: PDFDocEncoding definition (HO)
)
\Hy@SavedSpaceFactor=\count92

(/usr/share/texlive/texmf-dist/tex/latex/latexconfig/hyperref.cfg
File: hyperref.cfg 2002/06/06 v1.2 hyperref configuration of TeXLive
)
Package hyperref Info: Option `colorlinks' set `true' on input line 4383.
Package hyperref Info: Hyper figures OFF on input line 4509.
Package hyperref Info: Link nesting OFF on input line 4514.
Package hyperref Info: Hyper index ON on input line 4517.
Package hyperref Info: Plain pages OFF on input line 4524.
Package hyperref Info: Backreferencing OFF on input line 4529.
Package hyperref Info: Implicit mode ON; LaTeX internals redefined.
Package hyperref Info: Bookmarks ON on input line 4762.
\c@Hy@tempcnt=\count93

(/usr/share/texlive/texmf-dist/tex/latex/url/url.sty
\Urlmuskip=\muskip10
Package: url 2013/09/16  ver 3.4  Verb mode for urls, etc.
)
LaTeX Info: Redefining \url on input line 5115.
\XeTeXLinkMargin=\dimen112
\Fld@menulength=\count94
\Field@Width=\dimen113
\Fld@charsize=\dimen114
Package hyperref Info: Hyper figures OFF on input line 6369.
Package hyperref Info: Link nesting OFF on input line 6374.
Package hyperref Info: Hyper index ON on input line 6377.
Package hyperref Info: backreferencing OFF on input line 6384.
Package hyperref Info: Link coloring ON on input line 6387.
Package hyperref Info: Link coloring with OCG OFF on input line 6394.
Package hyperref Info: PDF/A mode OFF on input line 6399.
LaTeX Info: Redefining \ref on input line 6439.
LaTeX Info: Redefining \pageref on input line 6443.
\Hy@abspage=\count95
\c@Item=\count96
\c@Hfootnote=\count97
)
Package hyperref Info: Driver (autodetected): hpdftex.

(/usr/share/texlive/texmf-dist/tex/latex/hyperref/hpdftex.def
File: hpdftex.def 2018/02/06 v6.86b Hyperref driver for pdfTeX
\Fld@listcount=\count98
\c@bookmark@seq@number=\count99

(/usr/share/texlive/texmf-dist/tex/latex/oberdiek/rerunfilecheck.sty
Package: rerunfilecheck 2016/05/16 v1.8 Rerun checks for auxiliary files (HO)
Package uniquecounter Info: New unique counter `rerunfilecheck' on input line 2
82.
)
\Hy@SectionHShift=\skip43
)
(/usr/share/texlive/texmf-dist/tex/latex/oberdiek/bookmark.sty
Package: bookmark 2016/05/17 v1.26 PDF bookmarks (HO)

(/usr/share/texlive/texmf-dist/tex/latex/oberdiek/bkm-pdftex.def
File: bkm-pdftex.def 2016/05/17 v1.26 bookmark driver for pdfTeX (HO)
\BKM@id=\count100
))
(/usr/share/texlive/texmf-dist/tex/latex/pdfpages/pdfpages.sty
Package: pdfpages 2017/10/31 v0.5l Insert pages of external PDF documents (AM)

(/usr/share/texlive/texmf-dist/tex/latex/base/ifthen.sty
Package: ifthen 2014/09/29 v1.1c Standard LaTeX ifthen package (DPC)
)
(/usr/share/texlive/texmf-dist/tex/latex/tools/calc.sty
Package: calc 2014/10/28 v4.3 Infix arithmetic (KKT,FJ)
\calc@Acount=\count101
\calc@Bcount=\count102
\calc@Adimen=\dimen115
\calc@Bdimen=\dimen116
\calc@Askip=\skip44
\calc@Bskip=\skip45
LaTeX Info: Redefining \setlength on input line 80.
LaTeX Info: Redefining \addtolength on input line 81.
\calc@Ccount=\count103
\calc@Cskip=\skip46
)
(/usr/share/texlive/texmf-dist/tex/latex/eso-pic/eso-pic.sty
Package: eso-pic 2015/07/21 v2.0g eso-pic (RN)

(/usr/share/texlive/texmf-dist/tex/latex/xcolor/xcolor.sty
Package: xcolor 2016/05/11 v2.12 LaTeX color extensions (UK)

(/usr/share/texlive/texmf-dist/tex/latex/graphics-cfg/color.cfg
File: color.cfg 2016/01/02 v1.6 sample color configuration
)
Package xcolor Info: Driver file: pdftex.def on input line 225.

(/usr/share/texlive/texmf-dist/tex/latex/graphics-def/pdftex.def
File: pdftex.def 2018/01/08 v1.0l Graphics/color driver for pdftex
)
Package xcolor Info: Model `cmy' substituted by `cmy0' on input line 1348.
Package xcolor Info: Model `hsb' substituted by `rgb' on input line 1352.
Package xcolor Info: Model `RGB' extended on input line 1364.
Package xcolor Info: Model `HTML' substituted by `rgb' on input line 1366.
Package xcolor Info: Model `Hsb' substituted by `hsb' on input line 1367.
Package xcolor Info: Model `tHsb' substituted by `hsb' on input line 1368.
Package xcolor Info: Model `HSB' substituted by `hsb' on input line 1369.
Package xcolor Info: Model `Gray' substituted by `gray' on input line 1370.
Package xcolor Info: Model `wave' substituted by `hsb' on input line 1371.
))
(/usr/share/texlive/texmf-dist/tex/latex/graphics/graphicx.sty
Package: graphicx 2017/06/01 v1.1a Enhanced LaTeX Graphics (DPC,SPQR)

(/usr/share/texlive/texmf-dist/tex/latex/graphics/graphics.sty
Package: graphics 2017/06/25 v1.2c Standard LaTeX Graphics (DPC,SPQR)

(/usr/share/texlive/texmf-dist/tex/latex/graphics/trig.sty
Package: trig 2016/01/03 v1.10 sin cos tan (DPC)
)
(/usr/share/texlive/texmf-dist/tex/latex/graphics-cfg/graphics.cfg
File: graphics.cfg 2016/06/04 v1.11 sample graphics configuration
)
Package graphics Info: Driver file: pdftex.def on input line 99.
)
\Gin@req@height=\dimen117
\Gin@req@width=\dimen118
)
\AM@pagewidth=\dimen119
\AM@pageheight=\dimen120

(/usr/share/texlive/texmf-dist/tex/latex/pdfpages/pppdftex.def
File: pppdftex.def 2017/10/31 v0.5l Pdfpages driver for pdfTeX (AM)
)
\AM@pagebox=\box26
\AM@global@opts=\toks16
\AM@toc@title=\toks17
\c@AM@survey=\count104
\AM@templatesizebox=\box27
)
(/usr/share/texlive/texmf-dist/tex/latex/csquotes/csquotes.sty
Package: csquotes 2018/02/11 v5.2c context-sensitive quotations (JAW)

(/usr/share/texlive/texmf-dist/tex/latex/etoolbox/etoolbox.sty
Package: etoolbox 2018/02/11 v2.5e e-TeX tools for LaTeX (JAW)
\etb@tempcnta=\count105
)
\csq@reset=\count106
\csq@gtype=\count107
\csq@glevel=\count108
\csq@qlevel=\count109
\csq@maxlvl=\count110
\csq@tshold=\count111
\csq@ltx@everypar=\toks18

(/usr/share/texlive/texmf-dist/tex/latex/csquotes/csquotes.def
File: csquotes.def 2018/02/11 v5.2c csquotes generic definitions (JAW)
)
Package csquotes Info: Trying to load configuration file 'csquotes.cfg'...
Package csquotes Info: ... configuration file loaded successfully.

(/usr/share/texlive/texmf-dist/tex/latex/csquotes/csquotes.cfg
File: csquotes.cfg 
)
Package csquotes Info: Enabling multilingual quotes.
Package csquotes Info: Redefining alias 'english' -> 'english/american'.
)
Package csquotes Info: Checking for multilingual support...
Package csquotes Info: ... none found.


Package csquotes Warning: No multilingual support.
(csquotes)                Cannot enable multilingual quotes on input line 19.

(./labtainer-student.aux)
\openout1 = `labtainer-student.aux'.

LaTeX Font Info:    Checking defaults for OML/cmm/m/it on input line 19.
LaTeX Font Info:    ... okay on input line 19.
LaTeX Font Info:    Checking defaults for T1/cmr/m/n on input line 19.
LaTeX Font Info:    ... okay on input line 19.
LaTeX Font Info:    Checking defaults for OT1/cmr/m/n on input line 19.
LaTeX Font Info:    ... okay on input line 19.
LaTeX Font Info:    Checking defaults for OMS/cmsy/m/n on input line 19.
LaTeX Font Info:    ... okay on input line 19.
LaTeX Font Info:    Checking defaults for OMX/cmex/m/n on input line 19.
LaTeX Font Info:    ... okay on input line 19.
LaTeX Font Info:    Checking defaults for U/cmr/m/n on input line 19.
LaTeX Font Info:    ... okay on input line 19.
LaTeX Font Info:    Checking defaults for PD1/pdf/m/n on input line 19.
LaTeX Font Info:    ... okay on input line 19.

*geometry* driver: auto-detecting
*geometry* detected driver: pdftex
*geometry* verbose mode - [ preamble ] result:
* driver: pdftex
* paper: a4paper
* layout: <same size as paper>
* layoutoffset:(h,v)=(0.0pt,0.0pt)
* modes: 
* h-part:(L,W,R)=(56.9055pt, 483.69684pt, 56.90553pt)
* v-part:(T,H,B)=(28.45274pt, 731.23582pt, 85.35828pt)
* \paperwidth=597.50787pt
* \paperheight=845.04684pt
* \textwidth=483.69684pt
* \textheight=731.23582pt
* \oddsidemargin=-15.36449pt
* \evensidemargin=-15.36449pt
* \topmargin=-80.81725pt
* \headheight=12.0pt
* \headsep=25.0pt
* \topskip=12.0pt
* \footskip=30.0pt
* \marginparwidth=44.0pt
* \marginparsep=10.0pt
* \columnsep=10.0pt
* \skip\footins=10.8pt plus 4.0pt minus 2.0pt
* \hoffset=0.0pt
* \voffset=0.0pt
* \mag=1000
* \@twocolumnfalse
* \@twosidefalse
* \@mparswitchfalse
* \@reversemarginfalse
* (1in=72.27pt=25.4mm, 1cm=28.453pt)

\AtBeginShipoutBox=\box28
Package hyperref Info: Link coloring ON on input line 19.
(/usr/share/texlive/texmf-dist/tex/latex/hyperref/nameref.sty
Package: nameref 2016/05/21 v2.44 Cross-referencing by name of section

(/usr/share/texlive/texmf-dist/tex/generic/oberdiek/gettitlestring.sty
Package: gettitlestring 2016/05/16 v1.5 Cleanup title references (HO)
)
\c@section@level=\count112
)
LaTeX Info: Redefining \ref on input line 19.
LaTeX Info: Redefining \pageref on input line 19.
LaTeX Info: Redefining \nameref on input line 19.

(/usr/share/texlive/texmf-dist/tex/context/base/mkii/supp-pdf.mkii
[Loading MPS to PDF converter (version 2006.09.02).]
\scratchcounter=\count113
\scratchdimen=\dimen121
\scratchbox=\box29
\nofMPsegments=\count114
\nofMParguments=\count115
\everyMPshowfont=\toks19
\MPscratchCnt=\count116
\MPscratchDim=\dimen122
\MPnumerator=\count117
\makeMPintoPDFobject=\count118
\everyMPtoPDFconversion=\toks20
) (/usr/share/texlive/texmf-dist/tex/latex/oberdiek/epstopdf-base.sty
Package: epstopdf-base 2016/05/15 v2.6 Base part for package epstopdf

(/usr/share/texlive/texmf-dist/tex/latex/oberdiek/grfext.sty
Package: grfext 2016/05/16 v1.2 Manage graphics extensions (HO)
)
Package epstopdf-base Info: Redefining graphics rule for `.eps' on input line 4
38.
Package grfext Info: Graphics extension search list:
(grfext)             [.pdf,.png,.jpg,.mps,.jpeg,.jbig2,.jb2,.PDF,.PNG,.JPG,.JPE
G,.JBIG2,.JB2,.eps]
(grfext)             \AppendGraphicsExtensions on input line 456.

(/usr/share/texlive/texmf-dist/tex/latex/latexconfig/epstopdf-sys.cfg
File: epstopdf-sys.cfg 2010/07/13 v1.3 Configuration of (r)epstopdf for TeX Liv
e
))
(/usr/share/texlive/texmf-dist/tex/latex/oberdiek/pdflscape.sty
Package: pdflscape 2016/05/14 v0.11 Display of landscape pages in PDF (HO)

(/usr/share/texlive/texmf-dist/tex/latex/graphics/lscape.sty
Package: lscape 2000/10/22 v3.01 Landscape Pages (DPC)
)
Package pdflscape Info: Auto-detected driver: pdftex on input line 81.
)
LaTeX Font Info:    External font `cmex10' loaded for size
(Font)              <14.4> on input line 22.
LaTeX Font Info:    External font `cmex10' loaded for size
(Font)              <7> on input line 22.


LaTeX Warning: No \author given.

LaTeX Font Info:    External font `cmex10' loaded for size
(Font)              <12> on input line 28.
LaTeX Font Info:    External font `cmex10' loaded for size
(Font)              <8> on input line 28.
LaTeX Font Info:    External font `cmex10' loaded for size
(Font)              <6> on input line 28.
[1

{/var/lib/texmf/fonts/map/pdftex/updmap/pdftex.map}] [2] [3]
<InstallingVB-LinuxMac.pdf, id=39, 614.295pt x 794.97pt>
File: InstallingVB-LinuxMac.pdf Graphic file (type pdf)
<use InstallingVB-LinuxMac.pdf>
Package pdftex.def Info: InstallingVB-LinuxMac.pdf  used on input line 207.
(pdftex.def)             Requested size: 614.29349pt x 794.96806pt.
File: InstallingVB-LinuxMac.pdf Graphic file (type pdf)
<use InstallingVB-LinuxMac.pdf>
Package pdftex.def Info: InstallingVB-LinuxMac.pdf  used on input line 207.
(pdftex.def)             Requested size: 614.29349pt x 794.96806pt.
<InstallingVB-LinuxMac.pdf, id=42, page=1, 614.295pt x 794.97pt>
File: InstallingVB-LinuxMac.pdf Graphic file (type pdf)
<use InstallingVB-LinuxMac.pdf, page 1>
Package pdftex.def Info: InstallingVB-LinuxMac.pdf , page1 used on input line 2
07.
(pdftex.def)             Requested size: 614.29349pt x 794.96806pt.
File: InstallingVB-LinuxMac.pdf Graphic file (type pdf)
<use InstallingVB-LinuxMac.pdf, page 1>
Package pdftex.def Info: InstallingVB-LinuxMac.pdf , page1 used on input line 2
07.
(pdftex.def)             Requested size: 614.58406pt x 795.3441pt.
 [4]
File: InstallingVB-LinuxMac.pdf Graphic file (type pdf)
<use InstallingVB-LinuxMac.pdf, page 1>
Package pdftex.def Info: InstallingVB-LinuxMac.pdf , page1 used on input line 2
07.
(pdftex.def)             Requested size: 614.58406pt x 795.3441pt.
File: InstallingVB-LinuxMac.pdf Graphic file (type pdf)
<use InstallingVB-LinuxMac.pdf, page 1>
Package pdftex.def Info: InstallingVB-LinuxMac.pdf , page1 used on input line 2
07.
(pdftex.def)             Requested size: 614.58406pt x 795.3441pt.
File: InstallingVB-LinuxMac.pdf Graphic file (type pdf)
<use InstallingVB-LinuxMac.pdf, page 1>
Package pdftex.def Info: InstallingVB-LinuxMac.pdf , page1 used on input line 2
07.
(pdftex.def)             Requested size: 614.58406pt x 795.3441pt.
 [5 <./InstallingVB-LinuxMac.pdf>]
File: InstallingVB-LinuxMac.pdf Graphic file (type pdf)
<use InstallingVB-LinuxMac.pdf>
Package pdftex.def Info: InstallingVB-LinuxMac.pdf  used on input line 208.
(pdftex.def)             Requested size: 614.29349pt x 794.96806pt.
File: InstallingVB-LinuxMac.pdf Graphic file (type pdf)
<use InstallingVB-LinuxMac.pdf>
Package pdftex.def Info: InstallingVB-LinuxMac.pdf  used on input line 208.
(pdftex.def)             Requested size: 614.29349pt x 794.96806pt.
<InstallingVB-LinuxMac.pdf, id=83, page=2, 614.295pt x 794.97pt>
File: InstallingVB-LinuxMac.pdf Graphic file (type pdf)
<use InstallingVB-LinuxMac.pdf, page 2>
Package pdftex.def Info: InstallingVB-LinuxMac.pdf , page2 used on input line 2
08.
(pdftex.def)             Requested size: 614.29349pt x 794.96806pt.
File: InstallingVB-LinuxMac.pdf Graphic file (type pdf)
<use InstallingVB-LinuxMac.pdf, page 2>
Package pdftex.def Info: InstallingVB-LinuxMac.pdf , page2 used on input line 2
08.
(pdftex.def)             Requested size: 614.58406pt x 795.3441pt.
File: InstallingVB-LinuxMac.pdf Graphic file (type pdf)
<use InstallingVB-LinuxMac.pdf, page 2>
Package pdftex.def Info: InstallingVB-LinuxMac.pdf , page2 used on input line 2
08.
(pdftex.def)             Requested size: 614.58406pt x 795.3441pt.
File: InstallingVB-LinuxMac.pdf Graphic file (type pdf)
<use InstallingVB-LinuxMac.pdf, page 2>
Package pdftex.def Info: InstallingVB-LinuxMac.pdf , page2 used on input line 2
08.
(pdftex.def)             Requested size: 614.58406pt x 795.3441pt.
File: InstallingVB-LinuxMac.pdf Graphic file (type pdf)
<use InstallingVB-LinuxMac.pdf, page 2>
Package pdftex.def Info: InstallingVB-LinuxMac.pdf , page2 used on input line 2
08.
(pdftex.def)             Requested size: 614.58406pt x 795.3441pt.
 [6 <./InstallingVB-LinuxMac.pdf>]
<InstallingVB-LinuxMac.pdf, id=111, page=3, 614.295pt x 794.97pt>
File: InstallingVB-LinuxMac.pdf Graphic file (type pdf)
<use InstallingVB-LinuxMac.pdf, page 3>
Package pdftex.def Info: InstallingVB-LinuxMac.pdf , page3 used on input line 2
08.
(pdftex.def)             Requested size: 614.58406pt x 795.3441pt.
File: InstallingVB-LinuxMac.pdf Graphic file (type pdf)
<use InstallingVB-LinuxMac.pdf, page 3>
Package pdftex.def Info: InstallingVB-LinuxMac.pdf , page3 used on input line 2
08.
(pdftex.def)             Requested size: 614.58406pt x 795.3441pt.
File: InstallingVB-LinuxMac.pdf Graphic file (type pdf)
<use InstallingVB-LinuxMac.pdf, page 3>
Package pdftex.def Info: InstallingVB-LinuxMac.pdf , page3 used on input line 2
08.
(pdftex.def)             Requested size: 614.58406pt x 795.3441pt.
 [7 <./InstallingVB-LinuxMac.pdf>]
<InstallingVB-LinuxMac.pdf, id=132, page=4, 614.295pt x 794.97pt>
File: InstallingVB-LinuxMac.pdf Graphic file (type pdf)
<use InstallingVB-LinuxMac.pdf, page 4>
Package pdftex.def Info: InstallingVB-LinuxMac.pdf , page4 used on input line 2
08.
(pdftex.def)             Requested size: 614.58406pt x 795.3441pt.
File: InstallingVB-LinuxMac.pdf Graphic file (type pdf)
<use InstallingVB-LinuxMac.pdf, page 4>
Package pdftex.def Info: InstallingVB-LinuxMac.pdf , page4 used on input line 2
08.
(pdftex.def)             Requested size: 614.58406pt x 795.3441pt.
File: InstallingVB-LinuxMac.pdf Graphic file (type pdf)
<use InstallingVB-LinuxMac.pdf, page 4>
Package pdftex.def Info: InstallingVB-LinuxMac.pdf , page4 used on input line 2
08.
(pdftex.def)             Requested size: 614.58406pt x 795.3441pt.
 [8 <./InstallingVB-LinuxMac.pdf>]
<InstallingVB-LinuxMac.pdf, id=149, page=5, 614.295pt x 794.97pt>
File: InstallingVB-LinuxMac.pdf Graphic file (type pdf)
<use InstallingVB-LinuxMac.pdf, page 5>
Package pdftex.def Info: InstallingVB-LinuxMac.pdf , page5 used on input line 2
08.
(pdftex.def)             Requested size: 614.58406pt x 795.3441pt.
File: InstallingVB-LinuxMac.pdf Graphic file (type pdf)
<use InstallingVB-LinuxMac.pdf, page 5>
Package pdftex.def Info: InstallingVB-LinuxMac.pdf , page5 used on input line 2
08.
(pdftex.def)             Requested size: 614.58406pt x 795.3441pt.
File: InstallingVB-LinuxMac.pdf Graphic file (type pdf)
<use InstallingVB-LinuxMac.pdf, page 5>
Package pdftex.def Info: InstallingVB-LinuxMac.pdf , page5 used on input line 2
08.
(pdftex.def)             Requested size: 614.58406pt x 795.3441pt.
 [9 <./InstallingVB-LinuxMac.pdf>]
<InstallingVB-LinuxMac.pdf, id=168, page=6, 614.295pt x 794.97pt>
File: InstallingVB-LinuxMac.pdf Graphic file (type pdf)
<use InstallingVB-LinuxMac.pdf, page 6>
Package pdftex.def Info: InstallingVB-LinuxMac.pdf , page6 used on input line 2
08.
(pdftex.def)             Requested size: 614.58406pt x 795.3441pt.
File: InstallingVB-LinuxMac.pdf Graphic file (type pdf)
<use InstallingVB-LinuxMac.pdf, page 6>
Package pdftex.def Info: InstallingVB-LinuxMac.pdf , page6 used on input line 2
08.
(pdftex.def)             Requested size: 614.58406pt x 795.3441pt.
File: InstallingVB-LinuxMac.pdf Graphic file (type pdf)
<use InstallingVB-LinuxMac.pdf, page 6>
Package pdftex.def Info: InstallingVB-LinuxMac.pdf , page6 used on input line 2
08.
(pdftex.def)             Requested size: 614.58406pt x 795.3441pt.

[10 <./InstallingVB-LinuxMac.pdf>]
<InstallingVB-LinuxMac.pdf, id=183, page=7, 614.295pt x 794.97pt>
File: InstallingVB-LinuxMac.pdf Graphic file (type pdf)
<use InstallingVB-LinuxMac.pdf, page 7>
Package pdftex.def Info: InstallingVB-LinuxMac.pdf , page7 used on input line 2
08.
(pdftex.def)             Requested size: 614.58406pt x 795.3441pt.
File: InstallingVB-LinuxMac.pdf Graphic file (type pdf)
<use InstallingVB-LinuxMac.pdf, page 7>
Package pdftex.def Info: InstallingVB-LinuxMac.pdf , page7 used on input line 2
08.
(pdftex.def)             Requested size: 614.58406pt x 795.3441pt.
File: InstallingVB-LinuxMac.pdf Graphic file (type pdf)
<use InstallingVB-LinuxMac.pdf, page 7>
Package pdftex.def Info: InstallingVB-LinuxMac.pdf , page7 used on input line 2
08.
(pdftex.def)             Requested size: 614.58406pt x 795.3441pt.
 [11 <./InstallingVB-LinuxMac.pdf>]
<InstallingVB-LinuxMac.pdf, id=210, page=8, 614.295pt x 794.97pt>
File: InstallingVB-LinuxMac.pdf Graphic file (type pdf)
<use InstallingVB-LinuxMac.pdf, page 8>
Package pdftex.def Info: InstallingVB-LinuxMac.pdf , page8 used on input line 2
08.
(pdftex.def)             Requested size: 614.58406pt x 795.3441pt.
File: InstallingVB-LinuxMac.pdf Graphic file (type pdf)
<use InstallingVB-LinuxMac.pdf, page 8>
Package pdftex.def Info: InstallingVB-LinuxMac.pdf , page8 used on input line 2
08.
(pdftex.def)             Requested size: 614.58406pt x 795.3441pt.
File: InstallingVB-LinuxMac.pdf Graphic file (type pdf)
<use InstallingVB-LinuxMac.pdf, page 8>
Package pdftex.def Info: InstallingVB-LinuxMac.pdf , page8 used on input line 2
08.
(pdftex.def)             Requested size: 614.58406pt x 795.3441pt.
 [12 <./InstallingVB-LinuxMac.pdf>]
<InstallingVB-LinuxMac.pdf, id=235, page=9, 614.295pt x 794.97pt>
File: InstallingVB-LinuxMac.pdf Graphic file (type pdf)
<use InstallingVB-LinuxMac.pdf, page 9>
Package pdftex.def Info: InstallingVB-LinuxMac.pdf , page9 used on input line 2
08.
(pdftex.def)             Requested size: 614.58406pt x 795.3441pt.
File: InstallingVB-LinuxMac.pdf Graphic file (type pdf)
<use InstallingVB-LinuxMac.pdf, page 9>
Package pdftex.def Info: InstallingVB-LinuxMac.pdf , page9 used on input line 2
08.
(pdftex.def)             Requested size: 614.58406pt x 795.3441pt.
File: InstallingVB-LinuxMac.pdf Graphic file (type pdf)
<use InstallingVB-LinuxMac.pdf, page 9>
Package pdftex.def Info: InstallingVB-LinuxMac.pdf , page9 used on input line 2
08.
(pdftex.def)             Requested size: 614.58406pt x 795.3441pt.
 [13 <./InstallingVB-LinuxMac.pdf>]
<InstallingVB-LinuxWin.pdf, id=246, 614.295pt x 794.97pt>
File: InstallingVB-LinuxWin.pdf Graphic file (type pdf)
<use InstallingVB-LinuxWin.pdf>
Package pdftex.def Info: InstallingVB-LinuxWin.pdf  used on input line 211.
(pdftex.def)             Requested size: 614.29349pt x 794.96806pt.
File: InstallingVB-LinuxWin.pdf Graphic file (type pdf)
<use InstallingVB-LinuxWin.pdf>
Package pdftex.def Info: InstallingVB-LinuxWin.pdf  used on input line 211.
(pdftex.def)             Requested size: 614.29349pt x 794.96806pt.
<InstallingVB-LinuxWin.pdf, id=249, page=1, 614.295pt x 794.97pt>
File: InstallingVB-LinuxWin.pdf Graphic file (type pdf)
<use InstallingVB-LinuxWin.pdf, page 1>
Package pdftex.def Info: InstallingVB-LinuxWin.pdf , page1 used on input line 2
11.
(pdftex.def)             Requested size: 614.29349pt x 794.96806pt.
File: InstallingVB-LinuxWin.pdf Graphic file (type pdf)
<use InstallingVB-LinuxWin.pdf, page 1>
Package pdftex.def Info: InstallingVB-LinuxWin.pdf , page1 used on input line 2
11.
(pdftex.def)             Requested size: 614.58406pt x 795.3441pt.
File: InstallingVB-LinuxWin.pdf Graphic file (type pdf)
<use InstallingVB-LinuxWin.pdf, page 1>
Package pdftex.def Info: InstallingVB-LinuxWin.pdf , page1 used on input line 2
11.
(pdftex.def)             Requested size: 614.58406pt x 795.3441pt.
File: InstallingVB-LinuxWin.pdf Graphic file (type pdf)
<use InstallingVB-LinuxWin.pdf, page 1>
Package pdftex.def Info: InstallingVB-LinuxWin.pdf , page1 used on input line 2
11.
(pdftex.def)             Requested size: 614.58406pt x 795.3441pt.
File: InstallingVB-LinuxWin.pdf Graphic file (type pdf)
<use InstallingVB-LinuxWin.pdf, page 1>
Package pdftex.def Info: InstallingVB-LinuxWin.pdf , page1 used on input line 2
11.
(pdftex.def)             Requested size: 614.58406pt x 795.3441pt.
 [14 <./InstallingVB-LinuxWin.pdf>]
File: InstallingVB-LinuxWin.pdf Graphic file (type pdf)
<use InstallingVB-LinuxWin.pdf>
Package pdftex.def Info: InstallingVB-LinuxWin.pdf  used on input line 212.
(pdftex.def)             Requested size: 614.29349pt x 794.96806pt.
File: InstallingVB-LinuxWin.pdf Graphic file (type pdf)
<use InstallingVB-LinuxWin.pdf>
Package pdftex.def Info: InstallingVB-LinuxWin.pdf  used on input line 212.
(pdftex.def)             Requested size: 614.29349pt x 794.96806pt.
<InstallingVB-LinuxWin.pdf, id=520, page=2, 614.295pt x 794.97pt>
File: InstallingVB-LinuxWin.pdf Graphic file (type pdf)
<use InstallingVB-LinuxWin.pdf, page 2>
Package pdftex.def Info: InstallingVB-LinuxWin.pdf , page2 used on input line 2
12.
(pdftex.def)             Requested size: 614.29349pt x 794.96806pt.
File: InstallingVB-LinuxWin.pdf Graphic file (type pdf)
<use InstallingVB-LinuxWin.pdf, page 2>
Package pdftex.def Info: InstallingVB-LinuxWin.pdf , page2 used on input line 2
12.
(pdftex.def)             Requested size: 614.58406pt x 795.3441pt.
File: InstallingVB-LinuxWin.pdf Graphic file (type pdf)
<use InstallingVB-LinuxWin.pdf, page 2>
Package pdftex.def Info: InstallingVB-LinuxWin.pdf , page2 used on input line 2
12.
(pdftex.def)             Requested size: 614.58406pt x 795.3441pt.
File: InstallingVB-LinuxWin.pdf Graphic file (type pdf)
<use InstallingVB-LinuxWin.pdf, page 2>
Package pdftex.def Info: InstallingVB-LinuxWin.pdf , page2 used on input line 2
12.
(pdftex.def)             Requested size: 614.58406pt x 795.3441pt.
File: InstallingVB-LinuxWin.pdf Graphic file (type pdf)
<use InstallingVB-LinuxWin.pdf, page 2>
Package pdftex.def Info: InstallingVB-LinuxWin.pdf , page2 used on input line 2
12.
(pdftex.def)             Requested size: 614.58406pt x 795.3441pt.
 [15 <./InstallingVB-LinuxWin.pdf>]
<InstallingVB-LinuxWin.pdf, id=526, page=3, 614.295pt x 794.97pt>
File: InstallingVB-LinuxWin.pdf Graphic file (type pdf)
<use InstallingVB-LinuxWin.pdf, page 3>
Package pdftex.def Info: InstallingVB-LinuxWin.pdf , page3 used on input line 2
12.
(pdftex.def)             Requested size: 614.58406pt x 795.3441pt.
File: InstallingVB-LinuxWin.pdf Graphic file (type pdf)
<use InstallingVB-LinuxWin.pdf, page 3>
Package pdftex.def Info: InstallingVB-LinuxWin.pdf , page3 used on input line 2
12.
(pdftex.def)             Requested size: 614.58406pt x 795.3441pt.
File: InstallingVB-LinuxWin.pdf Graphic file (type pdf)
<use InstallingVB-LinuxWin.pdf, page 3>
Package pdftex.def Info: InstallingVB-LinuxWin.pdf , page3 used on input line 2
12.
(pdftex.def)             Requested size: 614.58406pt x 795.3441pt.
 [16 <./InstallingVB-LinuxWin.pdf>]
<InstallingVB-LinuxWin.pdf, id=532, page=4, 614.295pt x 794.97pt>
File: InstallingVB-LinuxWin.pdf Graphic file (type pdf)
<use InstallingVB-LinuxWin.pdf, page 4>
Package pdftex.def Info: InstallingVB-LinuxWin.pdf , page4 used on input line 2
12.
(pdftex.def)             Requested size: 614.58406pt x 795.3441pt.
File: InstallingVB-LinuxWin.pdf Graphic file (type pdf)
<use InstallingVB-LinuxWin.pdf, page 4>
Package pdftex.def Info: InstallingVB-LinuxWin.pdf , page4 used on input line 2
12.
(pdftex.def)             Requested size: 614.58406pt x 795.3441pt.
File: InstallingVB-LinuxWin.pdf Graphic file (type pdf)
<use InstallingVB-LinuxWin.pdf, page 4>
Package pdftex.def Info: InstallingVB-LinuxWin.pdf , page4 used on input line 2
12.
(pdftex.def)             Requested size: 614.58406pt x 795.3441pt.
 [17 <./InstallingVB-LinuxWin.pdf>]
<InstallingVB-LinuxWin.pdf, id=538, page=5, 614.295pt x 794.97pt>
File: InstallingVB-LinuxWin.pdf Graphic file (type pdf)
<use InstallingVB-LinuxWin.pdf, page 5>
Package pdftex.def Info: InstallingVB-LinuxWin.pdf , page5 used on input line 2
12.
(pdftex.def)             Requested size: 614.58406pt x 795.3441pt.
File: InstallingVB-LinuxWin.pdf Graphic file (type pdf)
<use InstallingVB-LinuxWin.pdf, page 5>
Package pdftex.def Info: InstallingVB-LinuxWin.pdf , page5 used on input line 2
12.
(pdftex.def)             Requested size: 614.58406pt x 795.3441pt.
File: InstallingVB-LinuxWin.pdf Graphic file (type pdf)
<use InstallingVB-LinuxWin.pdf, page 5>
Package pdftex.def Info: InstallingVB-LinuxWin.pdf , page5 used on input line 2
12.
(pdftex.def)             Requested size: 614.58406pt x 795.3441pt.
 [18 <./InstallingVB-LinuxWin.pdf>]
<InstallingVB-LinuxWin.pdf, id=544, page=6, 614.295pt x 794.97pt>
File: InstallingVB-LinuxWin.pdf Graphic file (type pdf)
<use InstallingVB-LinuxWin.pdf, page 6>
Package pdftex.def Info: InstallingVB-LinuxWin.pdf , page6 used on input line 2
12.
(pdftex.def)             Requested size: 614.58406pt x 795.3441pt.
File: InstallingVB-LinuxWin.pdf Graphic file (type pdf)
<use InstallingVB-LinuxWin.pdf, page 6>
Package pdftex.def Info: InstallingVB-LinuxWin.pdf , page6 used on input line 2
12.
(pdftex.def)             Requested size: 614.58406pt x 795.3441pt.
File: InstallingVB-LinuxWin.pdf Graphic file (type pdf)
<use InstallingVB-LinuxWin.pdf, page 6>
Package pdftex.def Info: InstallingVB-LinuxWin.pdf , page6 used on input line 2
12.
(pdftex.def)             Requested size: 614.58406pt x 795.3441pt.

[19 <./InstallingVB-LinuxWin.pdf>]
<InstallingVB-LinuxWin.pdf, id=551, page=7, 614.295pt x 794.97pt>
File: InstallingVB-LinuxWin.pdf Graphic file (type pdf)
<use InstallingVB-LinuxWin.pdf, page 7>
Package pdftex.def Info: InstallingVB-LinuxWin.pdf , page7 used on input line 2
12.
(pdftex.def)             Requested size: 614.58406pt x 795.3441pt.
File: InstallingVB-LinuxWin.pdf Graphic file (type pdf)
<use InstallingVB-LinuxWin.pdf, page 7>
Package pdftex.def Info: InstallingVB-LinuxWin.pdf , page7 used on input line 2
12.
(pdftex.def)             Requested size: 614.58406pt x 795.3441pt.
File: InstallingVB-LinuxWin.pdf Graphic file (type pdf)
<use InstallingVB-LinuxWin.pdf, page 7>
Package pdftex.def Info: InstallingVB-LinuxWin.pdf , page7 used on input line 2
12.
(pdftex.def)             Requested size: 614.58406pt x 795.3441pt.
 [20 <./InstallingVB-LinuxWin.pdf>]
<InstallingVB-LinuxWin.pdf, id=557, page=8, 614.295pt x 794.97pt>
File: InstallingVB-LinuxWin.pdf Graphic file (type pdf)
<use InstallingVB-LinuxWin.pdf, page 8>
Package pdftex.def Info: InstallingVB-LinuxWin.pdf , page8 used on input line 2
12.
(pdftex.def)             Requested size: 614.58406pt x 795.3441pt.
File: InstallingVB-LinuxWin.pdf Graphic file (type pdf)
<use InstallingVB-LinuxWin.pdf, page 8>
Package pdftex.def Info: InstallingVB-LinuxWin.pdf , page8 used on input line 2
12.
(pdftex.def)             Requested size: 614.58406pt x 795.3441pt.
File: InstallingVB-LinuxWin.pdf Graphic file (type pdf)
<use InstallingVB-LinuxWin.pdf, page 8>
Package pdftex.def Info: InstallingVB-LinuxWin.pdf , page8 used on input line 2
12.
(pdftex.def)             Requested size: 614.58406pt x 795.3441pt.
 [21 <./InstallingVB-LinuxWin.pdf>]
<InstallingVB-LinuxWin.pdf, id=563, page=9, 614.295pt x 794.97pt>
File: InstallingVB-LinuxWin.pdf Graphic file (type pdf)
<use InstallingVB-LinuxWin.pdf, page 9>
Package pdftex.def Info: InstallingVB-LinuxWin.pdf , page9 used on input line 2
12.
(pdftex.def)             Requested size: 614.58406pt x 795.3441pt.
File: InstallingVB-LinuxWin.pdf Graphic file (type pdf)
<use InstallingVB-LinuxWin.pdf, page 9>
Package pdftex.def Info: InstallingVB-LinuxWin.pdf , page9 used on input line 2
12.
(pdftex.def)             Requested size: 614.58406pt x 795.3441pt.
File: InstallingVB-LinuxWin.pdf Graphic file (type pdf)
<use InstallingVB-LinuxWin.pdf, page 9>
Package pdftex.def Info: InstallingVB-LinuxWin.pdf , page9 used on input line 2
12.
(pdftex.def)             Requested size: 614.58406pt x 795.3441pt.
 [22 <./InstallingVB-LinuxWin.pdf>]
<InstallingVB-LinuxWin.pdf, id=569, page=10, 614.295pt x 794.97pt>
File: InstallingVB-LinuxWin.pdf Graphic file (type pdf)
<use InstallingVB-LinuxWin.pdf, page 10>
Package pdftex.def Info: InstallingVB-LinuxWin.pdf , page10 used on input line 
212.
(pdftex.def)             Requested size: 614.58406pt x 795.3441pt.
File: InstallingVB-LinuxWin.pdf Graphic file (type pdf)
<use InstallingVB-LinuxWin.pdf, page 10>
Package pdftex.def Info: InstallingVB-LinuxWin.pdf , page10 used on input line 
212.
(pdftex.def)             Requested size: 614.58406pt x 795.3441pt.
File: InstallingVB-LinuxWin.pdf Graphic file (type pdf)
<use InstallingVB-LinuxWin.pdf, page 10>
Package pdftex.def Info: InstallingVB-LinuxWin.pdf , page10 used on input line 
212.
(pdftex.def)             Requested size: 614.58406pt x 795.3441pt.
 [23 <./InstallingVB-LinuxWin.pdf>]
<InstallingVB-LinuxWin.pdf, id=575, page=11, 614.295pt x 794.97pt>
File: InstallingVB-LinuxWin.pdf Graphic file (type pdf)
<use InstallingVB-LinuxWin.pdf, page 11>
Package pdftex.def Info: InstallingVB-LinuxWin.pdf , page11 used on input line 
212.
(pdftex.def)             Requested size: 614.58406pt x 795.3441pt.
File: InstallingVB-LinuxWin.pdf Graphic file (type pdf)
<use InstallingVB-LinuxWin.pdf, page 11>
Package pdftex.def Info: InstallingVB-LinuxWin.pdf , page11 used on input line 
212.
(pdftex.def)             Requested size: 614.58406pt x 795.3441pt.
File: InstallingVB-LinuxWin.pdf Graphic file (type pdf)
<use InstallingVB-LinuxWin.pdf, page 11>
Package pdftex.def Info: InstallingVB-LinuxWin.pdf , page11 used on input line 
212.
(pdftex.def)             Requested size: 614.58406pt x 795.3441pt.
 [24 <./InstallingVB-LinuxWin.pdf>]
<InstallingVB-LinuxWin.pdf, id=581, page=12, 614.295pt x 794.97pt>
File: InstallingVB-LinuxWin.pdf Graphic file (type pdf)
<use InstallingVB-LinuxWin.pdf, page 12>
Package pdftex.def Info: InstallingVB-LinuxWin.pdf , page12 used on input line 
212.
(pdftex.def)             Requested size: 614.58406pt x 795.3441pt.
File: InstallingVB-LinuxWin.pdf Graphic file (type pdf)
<use InstallingVB-LinuxWin.pdf, page 12>
Package pdftex.def Info: InstallingVB-LinuxWin.pdf , page12 used on input line 
212.
(pdftex.def)             Requested size: 614.58406pt x 795.3441pt.
File: InstallingVB-LinuxWin.pdf Graphic file (type pdf)
<use InstallingVB-LinuxWin.pdf, page 12>
Package pdftex.def Info: InstallingVB-LinuxWin.pdf , page12 used on input line 
212.
(pdftex.def)             Requested size: 614.58406pt x 795.3441pt.
 [25 <./InstallingVB-LinuxWin.pdf>]
<InstallingVB-LinuxWin.pdf, id=588, page=13, 614.295pt x 794.97pt>
File: InstallingVB-LinuxWin.pdf Graphic file (type pdf)
<use InstallingVB-LinuxWin.pdf, page 13>
Package pdftex.def Info: InstallingVB-LinuxWin.pdf , page13 used on input line 
212.
(pdftex.def)             Requested size: 614.58406pt x 795.3441pt.
File: InstallingVB-LinuxWin.pdf Graphic file (type pdf)
<use InstallingVB-LinuxWin.pdf, page 13>
Package pdftex.def Info: InstallingVB-LinuxWin.pdf , page13 used on input line 
212.
(pdftex.def)             Requested size: 614.58406pt x 795.3441pt.
File: InstallingVB-LinuxWin.pdf Graphic file (type pdf)
<use InstallingVB-LinuxWin.pdf, page 13>
Package pdftex.def Info: InstallingVB-LinuxWin.pdf , page13 used on input line 
212.
(pdftex.def)             Requested size: 614.58406pt x 795.3441pt.
 [26 <./InstallingVB-LinuxWin.pdf>]
<InstallingVB-LinuxWin.pdf, id=594, page=14, 614.295pt x 794.97pt>
File: InstallingVB-LinuxWin.pdf Graphic file (type pdf)
<use InstallingVB-LinuxWin.pdf, page 14>
Package pdftex.def Info: InstallingVB-LinuxWin.pdf , page14 used on input line 
212.
(pdftex.def)             Requested size: 614.58406pt x 795.3441pt.
File: InstallingVB-LinuxWin.pdf Graphic file (type pdf)
<use InstallingVB-LinuxWin.pdf, page 14>
Package pdftex.def Info: InstallingVB-LinuxWin.pdf , page14 used on input line 
212.
(pdftex.def)             Requested size: 614.58406pt x 795.3441pt.
File: InstallingVB-LinuxWin.pdf Graphic file (type pdf)
<use InstallingVB-LinuxWin.pdf, page 14>
Package pdftex.def Info: InstallingVB-LinuxWin.pdf , page14 used on input line 
212.
(pdftex.def)             Requested size: 614.58406pt x 795.3441pt.
 [27 <./InstallingVB-LinuxWin.pdf>]
<InstallingVB-LinuxWin.pdf, id=600, page=15, 614.295pt x 794.97pt>
File: InstallingVB-LinuxWin.pdf Graphic file (type pdf)
<use InstallingVB-LinuxWin.pdf, page 15>
Package pdftex.def Info: InstallingVB-LinuxWin.pdf , page15 used on input line 
212.
(pdftex.def)             Requested size: 614.58406pt x 795.3441pt.
File: InstallingVB-LinuxWin.pdf Graphic file (type pdf)
<use InstallingVB-LinuxWin.pdf, page 15>
Package pdftex.def Info: InstallingVB-LinuxWin.pdf , page15 used on input line 
212.
(pdftex.def)             Requested size: 614.58406pt x 795.3441pt.
File: InstallingVB-LinuxWin.pdf Graphic file (type pdf)
<use InstallingVB-LinuxWin.pdf, page 15>
Package pdftex.def Info: InstallingVB-LinuxWin.pdf , page15 used on input line 
212.
(pdftex.def)             Requested size: 614.58406pt x 795.3441pt.

[28 <./InstallingVB-LinuxWin.pdf>]
LaTeX Font Info:    Try loading font information for OMS+cmr on input line 222.


(/usr/share/texlive/texmf-dist/tex/latex/base/omscmr.fd
File: omscmr.fd 2014/09/29 v2.5h Standard LaTeX font definitions
)
LaTeX Font Info:    Font shape `OMS/cmr/m/n' in size <12> not available
(Font)              Font shape `OMS/cmsy/m/n' tried instead on input line 222.
Package atveryend Info: Empty hook `BeforeClearDocument' on input line 239.
 [3]
Package atveryend Info: Empty hook `AfterLastShipout' on input line 239.

(./labtainer-student.aux)
Package atveryend Info: Executing hook `AtVeryEndDocument' on input line 239.
Package atveryend Info: Empty hook `AtEndAfterFileList' on input line 239.
Package atveryend Info: Empty hook `AtVeryVeryEnd' on input line 239.
 ) 
Here is how much of TeX's memory you used:
 7889 strings out of 492982
 118375 string characters out of 6134896
 225446 words of memory out of 5000000
 11346 multiletter control sequences out of 15000+600000
 9324 words of font info for 33 fonts, out of 8000000 for 9000
 1141 hyphenation exceptions out of 8191
 40i,18n,46p,934b,511s stack positions out of 5000i,500n,10000p,200000b,80000s
</usr/share/texlive/texmf-dist/fonts/type1/public/amsfonts/cm/cmbx12.pfb></us
r/share/texlive/texmf-dist/fonts/type1/public/amsfonts/cm/cmr12.pfb></usr/share
/texlive/texmf-dist/fonts/type1/public/amsfonts/cm/cmr17.pfb></usr/share/texliv
e/texmf-dist/fonts/type1/public/amsfonts/cm/cmsy10.pfb></usr/share/texlive/texm
f-dist/fonts/type1/public/amsfonts/cm/cmti12.pfb></usr/share/texlive/texmf-dist
/fonts/type1/public/amsfonts/cm/cmtt12.pfb></usr/share/texmf/fonts/type1/public
/tex-gyre/qtmb.pfb></usr/share/texmf/fonts/type1/public/tex-gyre/qtmr.pfb></usr
/share/texmf/fonts/type1/public/tex-gyre/qtmri.pfb>
Output written on labtainer-student.pdf (29 pages, 3988809 bytes).
PDF statistics:
 679 PDF objects out of 1000 (max. 8388607)
 369 compressed objects within 4 object streams
 41 named destinations out of 1000 (max. 500000)
 251 words of extra memory for PDF output out of 10000 (max. 10000000)

